************* Module knapsack
knapsack.py:4:61: C0303: Trailing whitespace (trailing-whitespace)
knapsack.py:30:21: C0303: Trailing whitespace (trailing-whitespace)
knapsack.py:46:0: C0303: Trailing whitespace (trailing-whitespace)
knapsack.py:61:0: C0303: Trailing whitespace (trailing-whitespace)
knapsack.py:66:15: C0303: Trailing whitespace (trailing-whitespace)
knapsack.py:70:0: C0303: Trailing whitespace (trailing-whitespace)
knapsack.py:77:0: C0303: Trailing whitespace (trailing-whitespace)
knapsack.py:78:0: C0303: Trailing whitespace (trailing-whitespace)
knapsack.py:109:0: C0303: Trailing whitespace (trailing-whitespace)
knapsack.py:112:30: C0303: Trailing whitespace (trailing-whitespace)
knapsack.py:114:0: C0303: Trailing whitespace (trailing-whitespace)
knapsack.py:117:0: C0301: Line too long (129/100) (line-too-long)
knapsack.py:133:50: C0303: Trailing whitespace (trailing-whitespace)
knapsack.py:144:39: C0303: Trailing whitespace (trailing-whitespace)
knapsack.py:153:0: C0301: Line too long (118/100) (line-too-long)
knapsack.py:158:39: C0303: Trailing whitespace (trailing-whitespace)
knapsack.py:163:0: C0304: Final newline missing (missing-final-newline)
knapsack.py:38:0: C0103: Constant name "n" doesn't conform to UPPER_CASE naming style (invalid-name)
knapsack.py:42:0: C0115: Missing class docstring (missing-class-docstring)
knapsack.py:42:0: C0103: Class name "Priority_Queue" doesn't conform to PascalCase naming style (invalid-name)
knapsack.py:47:4: C0116: Missing function or method docstring (missing-function-docstring)
knapsack.py:58:4: C0116: Missing function or method docstring (missing-function-docstring)
knapsack.py:62:4: C0116: Missing function or method docstring (missing-function-docstring)
knapsack.py:66:8: W0702: No exception type(s) specified (bare-except)
knapsack.py:62:4: R1710: Either all return statements in a function should return an expression, or none of them should. (inconsistent-return-statements)
knapsack.py:71:0: C0115: Missing class docstring (missing-class-docstring)
knapsack.py:102:0: W0201: Attribute 'bound' defined outside __init__ (attribute-defined-outside-init)
knapsack.py:139:8: W0201: Attribute 'bound' defined outside __init__ (attribute-defined-outside-init)
knapsack.py:149:8: W0201: Attribute 'bound' defined outside __init__ (attribute-defined-outside-init)
knapsack.py:71:0: R0903: Too few public methods (0/2) (too-few-public-methods)
knapsack.py:79:0: C0116: Missing function or method docstring (missing-function-docstring)
knapsack.py:80:4: R1705: Unnecessary "else" after "return", remove the "else" and de-indent the code inside it (no-else-return)
knapsack.py:88:30: E0602: Undefined variable 'p' (undefined-variable)
knapsack.py:96:0: C0103: Constant name "nodes_generated" doesn't conform to UPPER_CASE naming style (invalid-name)
knapsack.py:101:0: C0103: Constant name "maxprofit" doesn't conform to UPPER_CASE naming style (invalid-name)
knapsack.py:124:30: E0602: Undefined variable 'p' (undefined-variable)

------------------------------------------------------------------
Your code has been rated at 4.43/10 (previous run: 4.43/10, +0.00)

